Birçok yazılım uygulaması, hata ayıklama ve sorun giderme süreçlerinde kullanılmak üzere hata günlüklerini (error log) tutar. 
Error log dosyaları, uygulama tarafından oluşan hataları ve istisnaları kaydetmek için kullanılır.
 Ancak, bu log dosyalarının herkese açık olması ve yetkisiz erişime maruz kalması, ciddi güvenlik riskleri oluşturabilir. 
 Bu makalede, error log dosyalarının herkese açık olmanın tehlikelerini ve alınması gereken güvenlik önlemlerini ele alacağız.

Hassas Bilgilerin Sızdırılması:
Error log dosyaları, uygulama hatalarını içerebilir ve bu hatalar bazen hassas bilgileri de içerebilir. 
Örneğin, veritabanı bağlantı dizei, kimlik doğrulama bilgileri veya diğer hassas veriler error log dosyalarında yer alabilir. 
Eğer error log dosyaları herkese açık bir şekilde erişilebilir hale gelirse, bu hassas bilgiler yetkisiz kişilerin eline geçebilir ve kötü niyetli amaçlar için kullanılabilir.

Sistem Zayıflıklarının Ortaya Çıkması:
Error log dosyaları, uygulamada meydana gelen hataları içerdiği için, bu hataların kaynağına ilişkin bilgileri ortaya koyabilir. 
Kötü niyetli kişiler, bu bilgileri kullanarak uygulamadaki zayıf noktaları tespit edebilir ve potansiyel saldırı noktaları belirleyebilir.
 Bu da uygulamanın güvenliğini tehlikeye atar ve saldırılara karşı savunmasız hale gelmesine neden olabilir.

Hata Ayıklama ve İstismar Olanakları:
Error log dosyaları, hata ayıklama sürecinde kullanıldığından, uygulama hatalarını ve istisnalarını içeren ayrıntılı bilgileri içerir. 
Bu bilgileri analiz eden saldırganlar, uygulama davranışını anlamak ve hataları istismar etmek için fırsat bulabilirler. 
Bu da uygulamanın güvenliğini tehlikeye atar ve saldırılara yol açabilir.


Başlık: Error Log Dosyalarının Herkese Açık Olmanın Tehlikeleri ve Güvenlik Önlemleri

Giriş:
Birçok yazılım uygulaması, hata ayıklama ve sorun giderme süreçlerinde kullanılmak üzere hata günlüklerini (error log) tutar.
 Error log dosyaları, uygulama tarafından oluşan hataları ve istisnaları kaydetmek için kullanılır.
 Ancak, bu log dosyalarının herkese açık olması ve yetkisiz erişime maruz kalması, ciddi güvenlik riskleri oluşturabilir. 
 Bu makalede, error log dosyalarının herkese açık olmanın tehlikelerini ve alınması gereken güvenlik önlemlerini ele alacağız.

Hassas Bilgilerin Sızdırılması:
Error log dosyaları, uygulama hatalarını içerebilir ve bu hatalar bazen hassas bilgileri de içerebilir. 
Örneğin, veritabanı bağlantı dizei, kimlik doğrulama bilgileri veya diğer hassas veriler error log dosyalarında yer alabilir. 
Eğer error log dosyaları herkese açık bir şekilde erişilebilir hale gelirse, bu hassas bilgiler yetkisiz kişilerin eline geçebilir ve kötü niyetli amaçlar için kullanılabilir.

Sistem Zayıflıklarının Ortaya Çıkması:
Error log dosyaları, uygulamada meydana gelen hataları içerdiği için, bu hataların kaynağına ilişkin bilgileri ortaya koyabilir. 
Kötü niyetli kişiler, bu bilgileri kullanarak uygulamadaki zayıf noktaları tespit edebilir ve potansiyel saldırı noktaları belirleyebilir. 
Bu da uygulamanın güvenliğini tehlikeye atar ve saldırılara karşı savunmasız hale gelmesine neden olabilir.

Hata Ayıklama ve İstismar Olanakları:
Error log dosyaları, hata ayıklama sürecinde kullanıldığından, uygulama hatalarını ve istisnalarını içeren ayrıntılı bilgileri içerir. 
Bu bilgileri analiz eden saldırganlar, uygulama davranışını anlamak ve hataları istismar etmek için fırsat bulabilirler. 
Bu da uygulamanın güvenliğini tehlikeye atar ve saldırılara yol açabilir.

Güvenlik Önlemleri:
Error log dosyalarının güvenliğini sağlamak için aşağıdaki önlemler alınmalıdır:

Erişim Kontrolleri: Error log dosyaları, yalnızca yetkili kullanıcılar tarafından erişilebilir olmalıdır. 
FLAG{3RR0R_L0G_BuST3D}
Güvenli Depolama: Error log dosyaları, güvenli bir şekilde depolanmalı ve yetkisiz erişimlere karşı korunmalıdır. 
Dosyaların şifrelenmesi ve güvenli bir sunucu ortamında saklanması önemlidir.

Log Düzeyi Ayarlaması: Error log dosyalarında hangi bilgilerin kaydedileceği ve hangilerinin kaydedilmeyeceği log düzeyi ayarlaması ile kontrol edilmelidir. 
Hassas bilgilerin loglara yazılmaması veya sadece belirli hata türlerinin loglanması gibi önlemler alınabilir.

Log Dönemsel Temizleme: Error log dosyalarının düzenli olarak temizlenmesi ve eski kayıtların silinmesi gereklidir. 
Bu, dosyaların gereksiz büyümesini ve içerisindeki hassas bilgilerin sürekli olarak saklanmasını engeller.

Güvenlik İncelemeleri: Error log dosyaları düzenli olarak incelenmeli ve potansiyel güvenlik açıkları veya istismar fırsatları araştırılmalıdır.
 Bu, erken aşamada sorunları tespit etmek ve düzeltmek için önemlidir.

Log İzleme ve Alarm Oluşturma: Error log dosyalarının izlenmesi için bir mekanizma oluşturulmalı ve anormal durumlar tespit edildiğinde otomatik olarak uyarılar oluşturulmalıdır. 
Böylece, potansiyel saldırılara veya hatalara hızlı bir şekilde tepki verilebilir.

Sonuç:
Error log dosyaları, uygulamaların hata ayıklama ve sorun giderme süreçlerinde önemli bir rol oynar. 
Ancak, bu dosyaların herkese açık olması ve gereksiz bilgileri içermesi, ciddi güvenlik riskleri oluşturur. 
Bu nedenle, error log dosyalarının güvenliğini sağlamak için yukarıda bahsedilen önlemleri almak önemlidir. 
Herkese açık error log dosyaları, hassas bilgilerin sızdırılması, sistem zayıflıklarının ortaya çıkması ve hata ayıklama olanaklarının istismar edilmesi gibi tehlikelerle karşı karşıya kalabilir. 
Bu nedenle, güvenlik önlemleri uygulanmalı ve düzenli güvenlik kontrolleri yapılmalıdır.